[debug] [2025-01-02T21:11:28.976Z] ----------------------------------------------------------------------
[debug] [2025-01-02T21:11:28.979Z] Command:       C:\Program Files\nodejs\node.exe C:\Users\annaa\AppData\Roaming\npm\node_modules\firebase-tools\lib\bin\firebase.js init
[debug] [2025-01-02T21:11:28.979Z] CLI Version:   13.27.0
[debug] [2025-01-02T21:11:28.979Z] Platform:      win32
[debug] [2025-01-02T21:11:28.979Z] Node Version:  v20.9.0
[debug] [2025-01-02T21:11:28.979Z] Time:          Thu Jan 02 2025 22:11:28 GMT+0100 (centraleuropeisk normaltid)
[debug] [2025-01-02T21:11:28.979Z] ----------------------------------------------------------------------
[debug] 
[debug] [2025-01-02T21:11:29.036Z] > command requires scopes: ["email","openid","https://www.googleapis.com/auth/cloudplatformprojects.readonly","https://www.googleapis.com/auth/firebase","https://www.googleapis.com/auth/cloud-platform"]
[debug] [2025-01-02T21:11:29.037Z] > authorizing via signed-in user (annaalehed@gmail.com)
[info] 
     ######## #### ########  ######## ########     ###     ######  ########
     ##        ##  ##     ## ##       ##     ##  ##   ##  ##       ##
     ######    ##  ########  ######   ########  #########  ######  ######
     ##        ##  ##    ##  ##       ##     ## ##     ##       ## ##
     ##       #### ##     ## ######## ########  ##     ##  ######  ########

You're about to initialize a Firebase project in this directory:

  C:\Users\annaa\OneDrive\Skrivbord\StageStories

Before we get started, keep in mind:

  * You are initializing within an existing Firebase project directory

[info] 
=== Project Setup
[info] 
[info] First, let's associate this project directory with a Firebase project.
[info] You can create multiple project aliases by running firebase use --add, 
[info] but for now we'll just set up a default project.
[info] 
[debug] [2025-01-02T21:11:39.053Z] Using project from CLI flag: stage-stories-923f6
[debug] [2025-01-02T21:11:39.053Z] Checked if tokens are valid: true, expires at: 1735855002437
[debug] [2025-01-02T21:11:39.054Z] Checked if tokens are valid: true, expires at: 1735855002437
[debug] [2025-01-02T21:11:39.055Z] >>> [apiv2][query] GET https://firebase.googleapis.com/v1beta1/projects/stage-stories-923f6 [none]
[debug] [2025-01-02T21:11:39.448Z] <<< [apiv2][status] GET https://firebase.googleapis.com/v1beta1/projects/stage-stories-923f6 200
[debug] [2025-01-02T21:11:39.448Z] <<< [apiv2][body] GET https://firebase.googleapis.com/v1beta1/projects/stage-stories-923f6 {"projectId":"stage-stories-923f6","projectNumber":"176000709336","displayName":"stage-stories","name":"projects/stage-stories-923f6","resources":{"hostingSite":"stage-stories-923f6"},"state":"ACTIVE","etag":"1_397de3c9-4ae7-4203-ba35-e7d3c47f9638"}
[info] i  Using project stage-stories-923f6 (stage-stories) 
[info] 
=== Hosting Setup
[debug] [2025-01-02T21:11:39.454Z] Checked if tokens are valid: true, expires at: 1735855002437
[debug] [2025-01-02T21:11:39.454Z] Checked if tokens are valid: true, expires at: 1735855002437
[debug] [2025-01-02T21:11:39.454Z] >>> [apiv2][query] GET https://firebase.googleapis.com/v1beta1/projects/stage-stories-923f6 [none]
[debug] [2025-01-02T21:11:39.740Z] <<< [apiv2][status] GET https://firebase.googleapis.com/v1beta1/projects/stage-stories-923f6 200
[debug] [2025-01-02T21:11:39.740Z] <<< [apiv2][body] GET https://firebase.googleapis.com/v1beta1/projects/stage-stories-923f6 {"projectId":"stage-stories-923f6","projectNumber":"176000709336","displayName":"stage-stories","name":"projects/stage-stories-923f6","resources":{"hostingSite":"stage-stories-923f6"},"state":"ACTIVE","etag":"1_397de3c9-4ae7-4203-ba35-e7d3c47f9638"}
[info] 
[info] Your public directory is the folder (relative to your project directory) that
[info] will contain Hosting assets to be uploaded with firebase deploy. If you
[info] have a build process for your assets, use your build's output directory.
[info] 
